<?xml version="1.0" encoding="UTF-8"?>
<testsuite name="com.example.forum.ForumApplicationTests" tests="1" skipped="0" failures="0" errors="0" timestamp="2024-04-21T03:23:20" hostname="mizukinoMacBook-Air.local" time="0.765">
  <properties/>
  <testcase name="contextLoads()" classname="com.example.forum.ForumApplicationTests" time="0.765"/>
  <system-out><![CDATA[12:23:12.390 [Test worker] INFO org.springframework.test.context.support.AnnotationConfigContextLoaderUtils -- Could not detect default configuration classes for test class [com.example.forum.ForumApplicationTests]: ForumApplicationTests does not declare any static, non-private, non-final, nested classes annotated with @Configuration.
12:23:12.631 [Test worker] INFO org.springframework.boot.test.context.SpringBootTestContextBootstrapper -- Found @SpringBootConfiguration com.example.forum.ForumApplication for test class com.example.forum.ForumApplicationTests

  .   ____          _            __ _ _
 /\\ / ___'_ __ _ _(_)_ __  __ _ \ \ \ \
( ( )\___ | '_ | '_| | '_ \/ _` | \ \ \ \
 \\/  ___)| |_)| | | | | || (_| |  ) ) ) )
  '  |____| .__|_| |_|_| |_\__, | / / / /
 =========|_|==============|___/=/_/_/_/
 :: Spring Boot ::                (v3.1.8)

2024-04-21T12:23:13.370+09:00  INFO 79257 --- [    Test worker] c.example.forum.ForumApplicationTests    : Starting ForumApplicationTests using Java 17.0.5 with PID 79257 (started by mizukiyoshino in /Users/mizukiyoshino/Documents/SimpleThreads/api_java)
2024-04-21T12:23:13.372+09:00  INFO 79257 --- [    Test worker] c.example.forum.ForumApplicationTests    : The following 1 profile is active: "dev"
2024-04-21T12:23:14.412+09:00  INFO 79257 --- [    Test worker] .s.d.r.c.RepositoryConfigurationDelegate : Bootstrapping Spring Data JPA repositories in DEFAULT mode.
2024-04-21T12:23:14.569+09:00  INFO 79257 --- [    Test worker] .s.d.r.c.RepositoryConfigurationDelegate : Finished Spring Data repository scanning in 145 ms. Found 4 JPA repository interfaces.
2024-04-21T12:23:15.411+09:00  INFO 79257 --- [    Test worker] com.zaxxer.hikari.HikariDataSource       : HikariPool-1 - Starting...
2024-04-21T12:23:15.876+09:00  INFO 79257 --- [    Test worker] com.zaxxer.hikari.pool.HikariPool        : HikariPool-1 - Added connection org.postgresql.jdbc.PgConnection@160b4809
2024-04-21T12:23:15.878+09:00  INFO 79257 --- [    Test worker] com.zaxxer.hikari.HikariDataSource       : HikariPool-1 - Start completed.
2024-04-21T12:23:15.949+09:00  INFO 79257 --- [    Test worker] o.hibernate.jpa.internal.util.LogHelper  : HHH000204: Processing PersistenceUnitInfo [name: default]
2024-04-21T12:23:16.013+09:00  INFO 79257 --- [    Test worker] org.hibernate.Version                    : HHH000412: Hibernate ORM core version 6.2.20.Final
2024-04-21T12:23:16.019+09:00  INFO 79257 --- [    Test worker] org.hibernate.cfg.Environment            : HHH000406: Using bytecode reflection optimizer
2024-04-21T12:23:16.535+09:00  INFO 79257 --- [    Test worker] o.s.o.j.p.SpringPersistenceUnitInfo      : No LoadTimeWeaver setup: ignoring JPA class transformer
2024-04-21T12:23:16.624+09:00  WARN 79257 --- [    Test worker] org.hibernate.orm.deprecation            : HHH90000025: PostgreSQLDialect does not need to be specified explicitly using 'hibernate.dialect' (remove the property setting and it will be selected by default)
2024-04-21T12:23:18.019+09:00  INFO 79257 --- [    Test worker] o.h.e.t.j.p.i.JtaPlatformInitiator       : HHH000489: No JTA platform available (set 'hibernate.transaction.jta.platform' to enable JTA platform integration)
2024-04-21T12:23:18.024+09:00  INFO 79257 --- [    Test worker] j.LocalContainerEntityManagerFactoryBean : Initialized JPA EntityManagerFactory for persistence unit 'default'
2024-04-21T12:23:18.473+09:00  INFO 79257 --- [    Test worker] o.s.d.j.r.query.QueryEnhancerFactory     : Hibernate is in classpath; If applicable, HQL parser will be used.
2024-04-21T12:23:20.182+09:00  WARN 79257 --- [    Test worker] JpaBaseConfiguration$JpaWebConfiguration : spring.jpa.open-in-view is enabled by default. Therefore, database queries may be performed during view rendering. Explicitly configure spring.jpa.open-in-view to disable this warning
2024-04-21T12:23:20.876+09:00  INFO 79257 --- [    Test worker] c.example.forum.ForumApplicationTests    : Started ForumApplicationTests in 7.989 seconds (process running for 10.649)
]]></system-out>
  <system-err><![CDATA[]]></system-err>
</testsuite>
